<?xml version="1.0" encoding="UTF-8"?>
<!-- Generated by org.testng.reporters.JUnitReportReporter -->
<testsuite hostname="LAPTOP-DRH19058" failures="0" tests="3" name="Runners.RunnerClass" time="50.963" errors="0" timestamp="2024-12-09T11:53:24 IST" skipped="0">
  <testcase classname="Runners.RunnerClass" name="runScenario" time="8.494"/>
  <system-out/>
  <testcase classname="Runners.RunnerClass" name="runScenario" time="33.484"/>
  <system-out/>
  <testcase classname="Runners.RunnerClass" name="runScenario" time="8.985"/>
  <system-out/>
</testsuite> <!-- Runners.RunnerClass -->
