<?xml version="1.0" encoding="UTF-8"?>
<!-- Generated by org.testng.reporters.JUnitReportReporter -->
<testsuite hostname="LAPTOP-DRH19058" failures="0" tests="3" name="Runners.RunnerClass" time="85.727" errors="0" timestamp="2024-12-10T15:54:00 IST" skipped="0">
  <testcase classname="Runners.RunnerClass" name="runScenario" time="15.675"/>
  <system-out/>
  <testcase classname="Runners.RunnerClass" name="runScenario" time="35.090"/>
  <system-out/>
  <testcase classname="Runners.RunnerClass" name="runScenario" time="34.962"/>
  <system-out/>
</testsuite> <!-- Runners.RunnerClass -->
