<?xml version="1.0" encoding="UTF-8"?>
<!-- Generated by org.testng.reporters.JUnitReportReporter -->
<testsuite hostname="LAPTOP-DRH19058" failures="0" tests="3" name="Runners.RunnerClass" time="38.217" errors="0" timestamp="2024-12-09T11:47:44 IST" skipped="0">
  <testcase classname="Runners.RunnerClass" name="runScenario" time="11.758"/>
  <system-out/>
  <testcase classname="Runners.RunnerClass" name="runScenario" time="14.435"/>
  <system-out/>
  <testcase classname="Runners.RunnerClass" name="runScenario" time="12.024"/>
  <system-out/>
</testsuite> <!-- Runners.RunnerClass -->
