<?xml version="1.0" encoding="UTF-8"?>
<!-- Generated by org.testng.reporters.JUnitReportReporter -->
<testsuite hostname="LAPTOP-DRH19058" failures="0" tests="3" name="Runners.RunnerClass" time="56.324" errors="0" timestamp="2024-12-17T13:02:14 IST" skipped="0">
  <testcase classname="Runners.RunnerClass" name="runScenario" time="13.527"/>
  <system-out/>
  <testcase classname="Runners.RunnerClass" name="runScenario" time="31.690"/>
  <system-out/>
  <testcase classname="Runners.RunnerClass" name="runScenario" time="11.107"/>
  <system-out/>
</testsuite> <!-- Runners.RunnerClass -->
